src/middleware/error-handler.ts(81,13): error TS2769: No overload matches this call.
  Overload 1 of 2, '(object: { success: false; error: { code: string; message: string; details: Record<string, unknown> | undefined; }; }, status?: ContentfulStatusCode | undefined, headers?: HeaderRecord | undefined): JSONRespondReturn<...>', gave the following error.
    Argument of type 'number' is not assignable to parameter of type 'ContentfulStatusCode | undefined'.
  Overload 2 of 2, '(object: { success: false; error: { code: string; message: string; details: Record<string, unknown> | undefined; }; }, init?: ResponseOrInit<ContentfulStatusCode> | undefined): JSONRespondReturn<...>', gave the following error.
    Argument of type 'number' is not assignable to parameter of type 'ResponseOrInit<ContentfulStatusCode> | undefined'.
src/routes/character.routes.ts(10,13): error TS2339: Property 'page' does not exist on type 'unknown'.
src/routes/character.routes.ts(10,19): error TS2339: Property 'limit' does not exist on type 'unknown'.
src/routes/character.routes.ts(10,35): error TS2769: No overload matches this call.
  Overload 1 of 2, '(key: never): unknown', gave the following error.
    Argument of type '"validatedData"' is not assignable to parameter of type 'never'.
  Overload 2 of 2, '(key: never): never', gave the following error.
    Argument of type '"validatedData"' is not assignable to parameter of type 'never'.
src/routes/movie.routes.ts(10,13): error TS2339: Property 'page' does not exist on type 'unknown'.
src/routes/movie.routes.ts(10,19): error TS2339: Property 'limit' does not exist on type 'unknown'.
src/routes/movie.routes.ts(10,35): error TS2769: No overload matches this call.
  Overload 1 of 2, '(key: never): unknown', gave the following error.
    Argument of type '"validatedData"' is not assignable to parameter of type 'never'.
  Overload 2 of 2, '(key: never): never', gave the following error.
    Argument of type '"validatedData"' is not assignable to parameter of type 'never'.
src/routes/review.routes.ts(12,24): error TS2769: No overload matches this call.
  Overload 1 of 2, '(key: never): unknown', gave the following error.
    Argument of type '"validatedData"' is not assignable to parameter of type 'never'.
  Overload 2 of 2, '(key: never): never', gave the following error.
    Argument of type '"validatedData"' is not assignable to parameter of type 'never'.
src/routes/review.routes.ts(13,53): error TS2345: Argument of type 'unknown' is not assignable to parameter of type 'CreateReviewDto'.
src/routes/review.routes.ts(30,26): error TS2769: No overload matches this call.
  Overload 1 of 2, '(key: never): unknown', gave the following error.
    Argument of type '"validatedData"' is not assignable to parameter of type 'never'.
  Overload 2 of 2, '(key: never): never', gave the following error.
    Argument of type '"validatedData"' is not assignable to parameter of type 'never'.
src/routes/review.routes.ts(31,51): error TS2345: Argument of type 'unknown' is not assignable to parameter of type 'ReviewQueryParams'.
